16:53:01.560 [main] DEBUG org.apache.poi.openxml4j.opc.PackageRelationshipCollection - Parsing relationship: /_rels/.rels
16:53:01.581 [main] DEBUG org.apache.poi.openxml4j.opc.PackageRelationshipCollection - Parsing relationship: /xl/_rels/workbook.xml.rels
16:53:01.582 [main] DEBUG org.apache.poi.openxml4j.opc.PackageRelationshipCollection - Parsing relationship: /xl/worksheets/_rels/sheet1.xml.rels
16:53:01.583 [main] DEBUG org.apache.poi.openxml4j.opc.PackageRelationshipCollection - Parsing relationship: /_rels/.rels
16:53:01.600 [main] DEBUG org.apache.poi.openxml4j.opc.PackageRelationshipCollection - Parsing relationship: /xl/_rels/workbook.xml.rels
16:53:01.603 [main] DEBUG org.apache.poi.openxml4j.opc.PackageRelationshipCollection - Parsing relationship: /xl/worksheets/_rels/sheet1.xml.rels
16:53:01.604 [main] DEBUG org.apache.poi.openxml4j.opc.PackageRelationshipCollection - Parsing relationship: /_rels/.rels
16:53:01.619 [main] DEBUG org.apache.poi.openxml4j.opc.PackageRelationshipCollection - Parsing relationship: /xl/_rels/workbook.xml.rels
16:53:01.620 [main] DEBUG org.apache.poi.openxml4j.opc.PackageRelationshipCollection - Parsing relationship: /xl/worksheets/_rels/sheet1.xml.rels
16:53:01.621 [main] DEBUG org.apache.poi.openxml4j.opc.PackageRelationshipCollection - Parsing relationship: /_rels/.rels
16:53:01.633 [main] DEBUG org.apache.poi.openxml4j.opc.PackageRelationshipCollection - Parsing relationship: /xl/_rels/workbook.xml.rels
16:53:01.636 [main] DEBUG org.apache.poi.openxml4j.opc.PackageRelationshipCollection - Parsing relationship: /xl/worksheets/_rels/sheet1.xml.rels
16:53:01.637 [main] DEBUG org.apache.poi.openxml4j.opc.PackageRelationshipCollection - Parsing relationship: /_rels/.rels
16:54:43.811 [main] DEBUG org.testng.TestNG - suiteXmlPath: "C:\Automation\Selenium webdriver\OpencartV121\master.xml"
13:55:10.277 [main] DEBUG org.testng.TestNG - suiteXmlPath: "C:\Automation\Selenium webdriver\OpencartV121\master.xml"
14:03:45.687 [main] DEBUG org.testng.TestNG - suiteXmlPath: "C:\Automation\Selenium webdriver\OpencartV121\master.xml"
14:07:14.872 [main] DEBUG org.testng.TestNG - suiteXmlPath: "C:\Automation\Selenium webdriver\OpencartV121\master.xml"
14:07:15.268 [main] INFO  org.testng.internal.Utils - [TestNG] Running:
  C:\Automation\Selenium webdriver\OpencartV121\master.xml

14:11:24.529 [main] DEBUG org.testng.TestNG - suiteXmlPath: "C:\Automation\Selenium webdriver\OpencartV121\master.xml"
14:11:24.771 [main] INFO  org.testng.internal.Utils - [TestNG] Running:
  C:\Automation\Selenium webdriver\OpencartV121\master.xml

14:11:31.856 [main] INFO  testCases.TC001_AccountRegistraionTest - **********Starting TC001_AccountRegistraionTest *******
14:11:32.356 [main] INFO  testCases.TC001_AccountRegistraionTest - Clicked on My Account link
14:11:32.816 [main] INFO  testCases.TC001_AccountRegistraionTest - Clicked on Register link
14:11:32.839 [main] INFO  testCases.TC001_AccountRegistraionTest - Providing customer details
14:11:34.356 [main] INFO  testCases.TC001_AccountRegistraionTest - Validating expecetd message
14:11:34.443 [main] INFO  testCases.TC001_AccountRegistraionTest - **********finished TC001_AccountRegistraionTest *******
11:22:24.635 [main] DEBUG org.testng.TestNG - suiteXmlPath: "C:\Automation\Selenium webdriver\OpencartV121\master.xml"
11:22:32.558 [main] INFO  testCases.TC001_AccountRegistraionTest - **********Starting TC001_AccountRegistraionTest *******
11:22:33.042 [main] INFO  testCases.TC001_AccountRegistraionTest - Clicked on My Account link
11:22:33.507 [main] INFO  testCases.TC001_AccountRegistraionTest - Clicked on Register link
11:22:33.520 [main] INFO  testCases.TC001_AccountRegistraionTest - Providing customer details
11:22:34.876 [main] INFO  testCases.TC001_AccountRegistraionTest - Validating expecetd message
11:22:34.947 [main] INFO  testCases.TC001_AccountRegistraionTest - **********finished TC001_AccountRegistraionTest *******
11:26:33.539 [main] DEBUG org.testng.TestNG - suiteXmlPath: "C:\Automation\Selenium webdriver\OpencartV121\master.xml"
11:26:37.753 [main] INFO  testCases.TC001_AccountRegistraionTest - **********Starting TC001_AccountRegistraionTest *******
11:26:38.138 [main] INFO  testCases.TC001_AccountRegistraionTest - Clicked on My Account link
11:26:38.508 [main] INFO  testCases.TC001_AccountRegistraionTest - Clicked on Register link
11:26:38.512 [main] INFO  testCases.TC001_AccountRegistraionTest - Providing customer details
11:26:39.006 [main] INFO  testCases.TC001_AccountRegistraionTest - Validating expecetd message
11:26:39.699 [main] INFO  testCases.TC001_AccountRegistraionTest - **********finished TC001_AccountRegistraionTest *******
